
Populating sorted data list contains these key-object values:
1 1
2 2
3 3
4 4
5 5
6 6
7 7

Constructed tree is as follows for AdditionalBalance condition: 
[[(1){2,H1,S3}(3)]{4,H2,S7}[(5){6,H1,S3}(7)]]

Inserting 9
[[(1){2,H1,S3}(3)]{4,H3,S8}[(5){6,H2,S4}[{7,H1,S2}(9)]]]

Inserting 8
[[(1){2,H1,S3}(3)]{4,H3,S9}[(5){6,H2,S5}[(7){8,H1,S3}(9)]]]

Inserting 0
[[[(0){1,H1,S2}]{2,H2,S4}(3)]{4,H3,S10}[(5){6,H2,S5}[(7){8,H1,S3}(9)]]]

Inserting 11
[[[(0){1,H1,S2}]{2,H2,S4}(3)]{4,H3,S11}[[(5){6,H1,S3}(7)]{8,H2,S6}[(9){11,H1,S2}]]]

Inserting 10
[[[(0){1,H1,S2}]{2,H2,S4}(3)]{4,H3,S12}[[(5){6,H1,S3}(7)]{8,H2,S7}[(9){10,H1,S3}(11)]]]

Removing 15
[[[(0){1,H1,S2}]{2,H2,S4}(3)]{4,H3,S12}[[(5){6,H1,S3}(7)]{8,H2,S7}[(9){10,H1,S3}(11)]]]

Removing 9
[[[(0){1,H1,S2}]{2,H2,S4}(3)]{4,H3,S11}[[(5){6,H1,S3}(7)]{8,H2,S6}[{10,H1,S2}(11)]]]

Removing 6
[[[(0){1,H1,S2}]{2,H2,S4}(3)]{4,H3,S10}[[(5){7,H1,S2}]{8,H2,S5}[{10,H1,S2}(11)]]]

Removing 2
[[(0){1,H1,S3}(3)]{4,H3,S9}[[(5){7,H1,S2}]{8,H2,S5}[{10,H1,S2}(11)]]]

Removing 3
[[(0){1,H1,S2}]{4,H3,S8}[[(5){7,H1,S2}]{8,H2,S5}[{10,H1,S2}(11)]]]

Removing 11
[[(0){1,H1,S3}(4)]{5,H2,S7}[(7){8,H1,S3}(10)]]

Removing 0
[[{1,H1,S2}(4)]{5,H2,S6}[(7){8,H1,S3}(10)]]

Removing 1
[(4){5,H2,S5}[(7){8,H1,S3}(10)]]


An empty BST with BalanceCondition is constructed
Inserting 1
(1)

Inserting 2
[{1,H1,S2}(2)]

Inserting 3
[{1,H2,S3}[{2,H1,S2}(3)]]

Inserting 4
[{1,H3,S4}[{2,H2,S3}[{3,H1,S2}(4)]]]

Inserting -1
[(-1){1,H3,S5}[{2,H2,S3}[{3,H1,S2}(4)]]]

Inserting 40
[(-1){1,H4,S6}[{2,H3,S4}[{3,H2,S3}[{4,H1,S2}(40)]]]]

Inserting -2
[[(-2){-1,H1,S2}]{1,H4,S7}[{2,H3,S4}[{3,H2,S3}[{4,H1,S2}(40)]]]]

Inserting 80
[[(-2){-1,H1,S2}]{1,H5,S8}[{2,H4,S5}[{3,H3,S4}[{4,H2,S3}[{40,H1,S2}(80)]]]]]

Inserting -3
[[[(-3){-2,H1,S2}]{-1,H2,S3}]{1,H5,S9}[{2,H4,S5}[{3,H3,S4}[{4,H2,S3}[{40,H1,S2}(80)]]]]]

Inserting 120
[[[(-3){-2,H1,S2}]{-1,H2,S3}]{1,H3,S10}[[(2){3,H1,S3}(4)]{40,H2,S6}[(80){120,H1,S2}]]]

Inserting -4
[[[[(-4){-3,H1,S2}]{-2,H2,S3}]{-1,H3,S4}]{1,H4,S11}[[(2){3,H1,S3}(4)]{40,H2,S6}[(80){120,H1,S2}]]]

Inserting 160
[[[[(-4){-3,H1,S2}]{-2,H2,S3}]{-1,H3,S4}]{1,H4,S12}[[(2){3,H1,S3}(4)]{40,H2,S7}[(80){120,H1,S3}(160)]]]

Removing 6
[[[[(-4){-3,H1,S2}]{-2,H2,S3}]{-1,H3,S4}]{1,H4,S12}[[(2){3,H1,S3}(4)]{40,H2,S7}[(80){120,H1,S3}(160)]]]

Search elements within [6, 8]...
Results: 

Search elements within [-2, 40]...
-2 -2
-1 -1
1 1
2 2
3 3
4 4
40 40
